0 info it worked if it ends with ok
1 verbose cli [ 'C:\\Program Files (x86)\\nodejs\\node.exe',
1 verbose cli   'C:\\Users\\Mark\\AppData\\Roaming\\npm\\node_modules\\npm\\bin\\npm-cli.js',
1 verbose cli   'install',
1 verbose cli   '-g',
1 verbose cli   'bufferutil' ]
2 info using npm@3.10.6
3 info using node@v6.5.0
4 silly loadCurrentTree Starting
5 silly install loadCurrentTree
6 silly install readGlobalPackageData
7 silly fetchPackageMetaData bufferutil
8 silly fetchNamedPackageData bufferutil
9 silly mapToRegistry name bufferutil
10 silly mapToRegistry using default registry
11 silly mapToRegistry registry https://registry.npmjs.org/
12 silly mapToRegistry data Result {
12 silly mapToRegistry   raw: 'bufferutil',
12 silly mapToRegistry   scope: null,
12 silly mapToRegistry   escapedName: 'bufferutil',
12 silly mapToRegistry   name: 'bufferutil',
12 silly mapToRegistry   rawSpec: '',
12 silly mapToRegistry   spec: 'latest',
12 silly mapToRegistry   type: 'tag' }
13 silly mapToRegistry uri https://registry.npmjs.org/bufferutil
14 verbose request uri https://registry.npmjs.org/bufferutil
15 verbose request no auth needed
16 info attempt registry request try #1 at 11:48:13 AM
17 verbose request id 8d8c18e64f1613ae
18 http request GET https://registry.npmjs.org/bufferutil
19 http 200 https://registry.npmjs.org/bufferutil
20 verbose headers { server: 'CouchDB/1.5.0 (Erlang OTP/R16B03)',
20 verbose headers   etag: '"6CKCZ3GK2OCOMG5EA98XR44G4"',
20 verbose headers   'content-type': 'application/json',
20 verbose headers   'content-encoding': 'gzip',
20 verbose headers   'cache-control': 'max-age=300',
20 verbose headers   'content-length': '2048',
20 verbose headers   'accept-ranges': 'bytes',
20 verbose headers   date: 'Wed, 21 Sep 2016 15:48:16 GMT',
20 verbose headers   via: '1.1 varnish',
20 verbose headers   age: '253',
20 verbose headers   connection: 'keep-alive',
20 verbose headers   'x-served-by': 'cache-iad2133-IAD',
20 verbose headers   'x-cache': 'HIT',
20 verbose headers   'x-cache-hits': '4',
20 verbose headers   'x-timer': 'S1474472896.538728,VS0,VE0',
20 verbose headers   vary: 'Accept-Encoding' }
21 silly get cb [ 200,
21 silly get   { server: 'CouchDB/1.5.0 (Erlang OTP/R16B03)',
21 silly get     etag: '"6CKCZ3GK2OCOMG5EA98XR44G4"',
21 silly get     'content-type': 'application/json',
21 silly get     'content-encoding': 'gzip',
21 silly get     'cache-control': 'max-age=300',
21 silly get     'content-length': '2048',
21 silly get     'accept-ranges': 'bytes',
21 silly get     date: 'Wed, 21 Sep 2016 15:48:16 GMT',
21 silly get     via: '1.1 varnish',
21 silly get     age: '253',
21 silly get     connection: 'keep-alive',
21 silly get     'x-served-by': 'cache-iad2133-IAD',
21 silly get     'x-cache': 'HIT',
21 silly get     'x-cache-hits': '4',
21 silly get     'x-timer': 'S1474472896.538728,VS0,VE0',
21 silly get     vary: 'Accept-Encoding' } ]
22 verbose get saving bufferutil to C:\Users\Mark\AppData\Roaming\npm-cache\registry.npmjs.org\bufferutil\.cache.json
23 verbose correctMkdir C:\Users\Mark\AppData\Roaming\npm-cache correctMkdir not in flight; initializing
24 silly install normalizeTree
25 silly loadCurrentTree Finishing
26 silly loadIdealTree Starting
27 silly install loadIdealTree
28 silly cloneCurrentTree Starting
29 silly install cloneCurrentTreeToIdealTree
30 silly cloneCurrentTree Finishing
31 silly loadShrinkwrap Starting
32 silly install loadShrinkwrap
33 silly loadShrinkwrap Finishing
34 silly loadAllDepsIntoIdealTree Starting
35 silly install loadAllDepsIntoIdealTree
36 silly resolveWithNewModule bufferutil@1.2.1 checking installable status
37 silly cache add args [ 'bufferutil', null ]
38 verbose cache add spec bufferutil
39 silly cache add parsed spec Result {
39 silly cache add   raw: 'bufferutil',
39 silly cache add   scope: null,
39 silly cache add   escapedName: 'bufferutil',
39 silly cache add   name: 'bufferutil',
39 silly cache add   rawSpec: '',
39 silly cache add   spec: 'latest',
39 silly cache add   type: 'tag' }
40 silly addNamed bufferutil@latest
41 verbose addNamed "latest" is being treated as a dist-tag for bufferutil
42 info addNameTag [ 'bufferutil', 'latest' ]
43 silly mapToRegistry name bufferutil
44 silly mapToRegistry using default registry
45 silly mapToRegistry registry https://registry.npmjs.org/
46 silly mapToRegistry data Result {
46 silly mapToRegistry   raw: 'bufferutil',
46 silly mapToRegistry   scope: null,
46 silly mapToRegistry   escapedName: 'bufferutil',
46 silly mapToRegistry   name: 'bufferutil',
46 silly mapToRegistry   rawSpec: '',
46 silly mapToRegistry   spec: 'latest',
46 silly mapToRegistry   type: 'tag' }
47 silly mapToRegistry uri https://registry.npmjs.org/bufferutil
48 verbose addNameTag registry:https://registry.npmjs.org/bufferutil not in flight; fetching
49 verbose get https://registry.npmjs.org/bufferutil not expired, no request
50 silly addNameTag next cb for bufferutil with tag latest
51 silly addNamed bufferutil@1.2.1
52 verbose addNamed "1.2.1" is a plain semver version for bufferutil
53 silly mapToRegistry name bufferutil
54 silly mapToRegistry using default registry
55 silly mapToRegistry registry https://registry.npmjs.org/
56 silly mapToRegistry data Result {
56 silly mapToRegistry   raw: 'bufferutil',
56 silly mapToRegistry   scope: null,
56 silly mapToRegistry   escapedName: 'bufferutil',
56 silly mapToRegistry   name: 'bufferutil',
56 silly mapToRegistry   rawSpec: '',
56 silly mapToRegistry   spec: 'latest',
56 silly mapToRegistry   type: 'tag' }
57 silly mapToRegistry uri https://registry.npmjs.org/bufferutil
58 verbose addRemoteTarball https://registry.npmjs.org/bufferutil/-/bufferutil-1.2.1.tgz not in flight; adding
59 verbose addRemoteTarball [ 'https://registry.npmjs.org/bufferutil/-/bufferutil-1.2.1.tgz',
59 verbose addRemoteTarball   '37be5d36e1e06492221e68d474b1ac58e510cbd7' ]
60 info retry fetch attempt 1 at 11:48:13 AM
61 info attempt registry request try #1 at 11:48:13 AM
62 http fetch GET https://registry.npmjs.org/bufferutil/-/bufferutil-1.2.1.tgz
63 http fetch 200 https://registry.npmjs.org/bufferutil/-/bufferutil-1.2.1.tgz
64 silly fetchAndShaCheck shasum 37be5d36e1e06492221e68d474b1ac58e510cbd7
65 verbose addTmpTarball C:\Users\Mark\AppData\Local\Temp\npm-9112-ede58fab\registry.npmjs.org\bufferutil\-\bufferutil-1.2.1.tgz not in flight; adding
66 verbose addTmpTarball already have metadata; skipping unpack for bufferutil@1.2.1
67 verbose correctMkdir C:\Users\Mark\AppData\Roaming\npm-cache correctMkdir not in flight; initializing
68 silly cache afterAdd bufferutil@1.2.1
69 verbose afterAdd C:\Users\Mark\AppData\Roaming\npm-cache\bufferutil\1.2.1\package\package.json not in flight; writing
70 verbose correctMkdir C:\Users\Mark\AppData\Roaming\npm-cache correctMkdir not in flight; initializing
71 verbose afterAdd C:\Users\Mark\AppData\Roaming\npm-cache\bufferutil\1.2.1\package\package.json written
72 silly fetchNamedPackageData bindings
73 silly mapToRegistry name bindings
74 silly mapToRegistry using default registry
75 silly mapToRegistry registry https://registry.npmjs.org/
76 silly mapToRegistry data Result {
76 silly mapToRegistry   raw: 'bindings',
76 silly mapToRegistry   scope: null,
76 silly mapToRegistry   escapedName: 'bindings',
76 silly mapToRegistry   name: 'bindings',
76 silly mapToRegistry   rawSpec: '',
76 silly mapToRegistry   spec: 'latest',
76 silly mapToRegistry   type: 'tag' }
77 silly mapToRegistry uri https://registry.npmjs.org/bindings
78 silly fetchNamedPackageData nan
79 silly mapToRegistry name nan
80 silly mapToRegistry using default registry
81 silly mapToRegistry registry https://registry.npmjs.org/
82 silly mapToRegistry data Result {
82 silly mapToRegistry   raw: 'nan',
82 silly mapToRegistry   scope: null,
82 silly mapToRegistry   escapedName: 'nan',
82 silly mapToRegistry   name: 'nan',
82 silly mapToRegistry   rawSpec: '',
82 silly mapToRegistry   spec: 'latest',
82 silly mapToRegistry   type: 'tag' }
83 silly mapToRegistry uri https://registry.npmjs.org/nan
84 verbose request uri https://registry.npmjs.org/bindings
85 verbose request no auth needed
86 info attempt registry request try #1 at 11:48:13 AM
87 http request GET https://registry.npmjs.org/bindings
88 http 200 https://registry.npmjs.org/bindings
89 verbose headers { server: 'CouchDB/1.5.0 (Erlang OTP/R16B03)',
89 verbose headers   etag: '"C1AW6UVQGY4VZQGFC1WTIGMDV"',
89 verbose headers   'content-type': 'application/json',
89 verbose headers   'content-encoding': 'gzip',
89 verbose headers   'cache-control': 'max-age=300',
89 verbose headers   'content-length': '3811',
89 verbose headers   'accept-ranges': 'bytes',
89 verbose headers   date: 'Wed, 21 Sep 2016 15:48:16 GMT',
89 verbose headers   via: '1.1 varnish',
89 verbose headers   age: '263',
89 verbose headers   connection: 'keep-alive',
89 verbose headers   'x-served-by': 'cache-iad2133-IAD',
89 verbose headers   'x-cache': 'HIT',
89 verbose headers   'x-cache-hits': '2',
89 verbose headers   'x-timer': 'S1474472896.671349,VS0,VE0',
89 verbose headers   vary: 'Accept-Encoding' }
90 silly get cb [ 200,
90 silly get   { server: 'CouchDB/1.5.0 (Erlang OTP/R16B03)',
90 silly get     etag: '"C1AW6UVQGY4VZQGFC1WTIGMDV"',
90 silly get     'content-type': 'application/json',
90 silly get     'content-encoding': 'gzip',
90 silly get     'cache-control': 'max-age=300',
90 silly get     'content-length': '3811',
90 silly get     'accept-ranges': 'bytes',
90 silly get     date: 'Wed, 21 Sep 2016 15:48:16 GMT',
90 silly get     via: '1.1 varnish',
90 silly get     age: '263',
90 silly get     connection: 'keep-alive',
90 silly get     'x-served-by': 'cache-iad2133-IAD',
90 silly get     'x-cache': 'HIT',
90 silly get     'x-cache-hits': '2',
90 silly get     'x-timer': 'S1474472896.671349,VS0,VE0',
90 silly get     vary: 'Accept-Encoding' } ]
91 verbose get saving bindings to C:\Users\Mark\AppData\Roaming\npm-cache\registry.npmjs.org\bindings\.cache.json
92 verbose correctMkdir C:\Users\Mark\AppData\Roaming\npm-cache correctMkdir not in flight; initializing
93 silly resolveWithNewModule bindings@1.2.1 checking installable status
94 silly cache add args [ 'bindings@1.2.x', null ]
95 verbose cache add spec bindings@1.2.x
96 silly cache add parsed spec Result {
96 silly cache add   raw: 'bindings@1.2.x',
96 silly cache add   scope: null,
96 silly cache add   escapedName: 'bindings',
96 silly cache add   name: 'bindings',
96 silly cache add   rawSpec: '1.2.x',
96 silly cache add   spec: '>=1.2.0 <1.3.0',
96 silly cache add   type: 'range' }
97 silly addNamed bindings@>=1.2.0 <1.3.0
98 verbose addNamed ">=1.2.0 <1.3.0" is a valid semver range for bindings
99 silly addNameRange { name: 'bindings', range: '>=1.2.0 <1.3.0', hasData: false }
100 silly mapToRegistry name bindings
101 silly mapToRegistry using default registry
102 silly mapToRegistry registry https://registry.npmjs.org/
103 silly mapToRegistry data Result {
103 silly mapToRegistry   raw: 'bindings',
103 silly mapToRegistry   scope: null,
103 silly mapToRegistry   escapedName: 'bindings',
103 silly mapToRegistry   name: 'bindings',
103 silly mapToRegistry   rawSpec: '',
103 silly mapToRegistry   spec: 'latest',
103 silly mapToRegistry   type: 'tag' }
104 silly mapToRegistry uri https://registry.npmjs.org/bindings
105 verbose addNameRange registry:https://registry.npmjs.org/bindings not in flight; fetching
106 verbose get https://registry.npmjs.org/bindings not expired, no request
107 silly addNameRange number 2 { name: 'bindings', range: '>=1.2.0 <1.3.0', hasData: true }
108 silly addNameRange versions [ 'bindings',
108 silly addNameRange   [ '0.0.1',
108 silly addNameRange     '0.1.0',
108 silly addNameRange     '0.1.1',
108 silly addNameRange     '0.2.0',
108 silly addNameRange     '0.2.1',
108 silly addNameRange     '0.2.2',
108 silly addNameRange     '0.2.3',
108 silly addNameRange     '0.2.4',
108 silly addNameRange     '0.3.0',
108 silly addNameRange     '0.4.0',
108 silly addNameRange     '1.0.0',
108 silly addNameRange     '1.1.0',
108 silly addNameRange     '1.1.1',
108 silly addNameRange     '1.2.0',
108 silly addNameRange     '1.2.1' ] ]
109 silly addNamed bindings@1.2.1
110 verbose addNamed "1.2.1" is a plain semver version for bindings
111 silly mapToRegistry name bindings
112 silly mapToRegistry using default registry
113 silly mapToRegistry registry https://registry.npmjs.org/
114 silly mapToRegistry data Result {
114 silly mapToRegistry   raw: 'bindings',
114 silly mapToRegistry   scope: null,
114 silly mapToRegistry   escapedName: 'bindings',
114 silly mapToRegistry   name: 'bindings',
114 silly mapToRegistry   rawSpec: '',
114 silly mapToRegistry   spec: 'latest',
114 silly mapToRegistry   type: 'tag' }
115 silly mapToRegistry uri https://registry.npmjs.org/bindings
116 verbose addRemoteTarball https://registry.npmjs.org/bindings/-/bindings-1.2.1.tgz not in flight; adding
117 verbose addRemoteTarball [ 'https://registry.npmjs.org/bindings/-/bindings-1.2.1.tgz',
117 verbose addRemoteTarball   '14ad6113812d2d37d72e67b4cacb4bb726505f11' ]
118 info retry fetch attempt 1 at 11:48:13 AM
119 info attempt registry request try #1 at 11:48:13 AM
120 http fetch GET https://registry.npmjs.org/bindings/-/bindings-1.2.1.tgz
121 verbose request uri https://registry.npmjs.org/nan
122 verbose request no auth needed
123 info attempt registry request try #1 at 11:48:13 AM
124 verbose etag "NAY6YRKIZAXUCU18M1YHIEA2"
125 http request GET https://registry.npmjs.org/nan
126 http fetch 200 https://registry.npmjs.org/bindings/-/bindings-1.2.1.tgz
127 silly fetchAndShaCheck shasum 14ad6113812d2d37d72e67b4cacb4bb726505f11
128 verbose addTmpTarball C:\Users\Mark\AppData\Local\Temp\npm-9112-ede58fab\registry.npmjs.org\bindings\-\bindings-1.2.1.tgz not in flight; adding
129 verbose addTmpTarball already have metadata; skipping unpack for bindings@1.2.1
130 verbose correctMkdir C:\Users\Mark\AppData\Roaming\npm-cache correctMkdir not in flight; initializing
131 silly cache afterAdd bindings@1.2.1
132 verbose afterAdd C:\Users\Mark\AppData\Roaming\npm-cache\bindings\1.2.1\package\package.json not in flight; writing
133 verbose correctMkdir C:\Users\Mark\AppData\Roaming\npm-cache correctMkdir not in flight; initializing
134 verbose afterAdd C:\Users\Mark\AppData\Roaming\npm-cache\bindings\1.2.1\package\package.json written
135 http 200 https://registry.npmjs.org/nan
136 verbose headers { server: 'CouchDB/1.6.1 (Erlang OTP/R16B03)',
136 verbose headers   etag: '"1YJEPM5V4XH0MZT0HV3B8R9BB"',
136 verbose headers   'content-type': 'application/json',
136 verbose headers   'content-encoding': 'gzip',
136 verbose headers   'cache-control': 'max-age=300',
136 verbose headers   'content-length': '17162',
136 verbose headers   'accept-ranges': 'bytes',
136 verbose headers   date: 'Wed, 21 Sep 2016 15:48:16 GMT',
136 verbose headers   via: '1.1 varnish',
136 verbose headers   age: '249',
136 verbose headers   connection: 'keep-alive',
136 verbose headers   'x-served-by': 'cache-iad2140-IAD',
136 verbose headers   'x-cache': 'HIT',
136 verbose headers   'x-cache-hits': '4',
136 verbose headers   'x-timer': 'S1474472896.740672,VS0,VE0',
136 verbose headers   vary: 'Accept-Encoding' }
137 silly get cb [ 200,
137 silly get   { server: 'CouchDB/1.6.1 (Erlang OTP/R16B03)',
137 silly get     etag: '"1YJEPM5V4XH0MZT0HV3B8R9BB"',
137 silly get     'content-type': 'application/json',
137 silly get     'content-encoding': 'gzip',
137 silly get     'cache-control': 'max-age=300',
137 silly get     'content-length': '17162',
137 silly get     'accept-ranges': 'bytes',
137 silly get     date: 'Wed, 21 Sep 2016 15:48:16 GMT',
137 silly get     via: '1.1 varnish',
137 silly get     age: '249',
137 silly get     connection: 'keep-alive',
137 silly get     'x-served-by': 'cache-iad2140-IAD',
137 silly get     'x-cache': 'HIT',
137 silly get     'x-cache-hits': '4',
137 silly get     'x-timer': 'S1474472896.740672,VS0,VE0',
137 silly get     vary: 'Accept-Encoding' } ]
138 verbose get saving nan to C:\Users\Mark\AppData\Roaming\npm-cache\registry.npmjs.org\nan\.cache.json
139 verbose correctMkdir C:\Users\Mark\AppData\Roaming\npm-cache correctMkdir not in flight; initializing
140 silly resolveWithNewModule nan@2.4.0 checking installable status
141 silly cache add args [ 'nan@^2.0.5', null ]
142 verbose cache add spec nan@^2.0.5
143 silly cache add parsed spec Result {
143 silly cache add   raw: 'nan@^2.0.5',
143 silly cache add   scope: null,
143 silly cache add   escapedName: 'nan',
143 silly cache add   name: 'nan',
143 silly cache add   rawSpec: '^2.0.5',
143 silly cache add   spec: '>=2.0.5 <3.0.0',
143 silly cache add   type: 'range' }
144 silly addNamed nan@>=2.0.5 <3.0.0
145 verbose addNamed ">=2.0.5 <3.0.0" is a valid semver range for nan
146 silly addNameRange { name: 'nan', range: '>=2.0.5 <3.0.0', hasData: false }
147 silly mapToRegistry name nan
148 silly mapToRegistry using default registry
149 silly mapToRegistry registry https://registry.npmjs.org/
150 silly mapToRegistry data Result {
150 silly mapToRegistry   raw: 'nan',
150 silly mapToRegistry   scope: null,
150 silly mapToRegistry   escapedName: 'nan',
150 silly mapToRegistry   name: 'nan',
150 silly mapToRegistry   rawSpec: '',
150 silly mapToRegistry   spec: 'latest',
150 silly mapToRegistry   type: 'tag' }
151 silly mapToRegistry uri https://registry.npmjs.org/nan
152 verbose addNameRange registry:https://registry.npmjs.org/nan not in flight; fetching
153 verbose get https://registry.npmjs.org/nan not expired, no request
154 silly addNameRange number 2 { name: 'nan', range: '>=2.0.5 <3.0.0', hasData: true }
155 silly addNameRange versions [ 'nan',
155 silly addNameRange   [ '0.3.0-wip',
155 silly addNameRange     '0.3.0-wip2',
155 silly addNameRange     '0.3.0',
155 silly addNameRange     '0.3.1',
155 silly addNameRange     '0.3.2',
155 silly addNameRange     '0.4.0',
155 silly addNameRange     '0.4.1',
155 silly addNameRange     '0.4.2',
155 silly addNameRange     '0.4.3',
155 silly addNameRange     '0.4.4',
155 silly addNameRange     '0.5.0',
155 silly addNameRange     '0.5.1',
155 silly addNameRange     '0.5.2',
155 silly addNameRange     '0.6.0',
155 silly addNameRange     '0.7.0',
155 silly addNameRange     '0.7.1',
155 silly addNameRange     '0.8.0',
155 silly addNameRange     '1.0.0',
155 silly addNameRange     '1.1.0',
155 silly addNameRange     '1.1.1',
155 silly addNameRange     '1.1.2',
155 silly addNameRange     '1.2.0',
155 silly addNameRange     '1.3.0',
155 silly addNameRange     '1.4.0',
155 silly addNameRange     '1.4.1',
155 silly addNameRange     '1.5.0',
155 silly addNameRange     '1.4.2',
155 silly addNameRange     '1.4.3',
155 silly addNameRange     '1.5.1',
155 silly addNameRange     '1.5.2',
155 silly addNameRange     '1.6.0',
155 silly addNameRange     '1.5.3',
155 silly addNameRange     '1.6.1',
155 silly addNameRange     '1.6.2',
155 silly addNameRange     '1.7.0',
155 silly addNameRange     '1.8.0',
155 silly addNameRange     '1.8.1',
155 silly addNameRange     '1.8.2',
155 silly addNameRange     '1.8.3',
155 silly addNameRange     '1.8.4',
155 silly addNameRange     '1.9.0',
155 silly addNameRange     '2.0.0',
155 silly addNameRange     '2.0.1',
155 silly addNameRange     '2.0.2',
155 silly addNameRange     '2.0.3',
155 silly addNameRange     '2.0.4',
155 silly addNameRange     '2.0.5',
155 silly addNameRange     '2.0.6',
155 silly addNameRange     '2.0.7',
155 silly addNameRange     '2.0.8',
155 silly addNameRange     '2.0.9',
155 silly addNameRange     '2.1.0',
155 silly addNameRange     '2.2.0',
155 silly addNameRange     '2.2.1',
155 silly addNameRange     '2.3.0',
155 silly addNameRange     '2.3.1',
155 silly addNameRange     '2.3.2',
155 silly addNameRange     '2.3.3',
155 silly addNameRange     '2.3.4',
155 silly addNameRange     '2.3.5',
155 silly addNameRange     '2.4.0' ] ]
156 silly addNamed nan@2.4.0
157 verbose addNamed "2.4.0" is a plain semver version for nan
158 silly cache afterAdd nan@2.4.0
159 verbose afterAdd C:\Users\Mark\AppData\Roaming\npm-cache\nan\2.4.0\package\package.json not in flight; writing
160 verbose correctMkdir C:\Users\Mark\AppData\Roaming\npm-cache correctMkdir not in flight; initializing
161 verbose afterAdd C:\Users\Mark\AppData\Roaming\npm-cache\nan\2.4.0\package\package.json written
162 silly loadAllDepsIntoIdealTree Finishing
163 silly loadIdealTree Finishing
164 silly currentTree npm
165 silly idealTree npm
165 silly idealTree `-- bufferutil@1.2.1
165 silly idealTree   +-- bindings@1.2.1
165 silly idealTree   `-- nan@2.4.0
166 silly generateActionsToTake Starting
167 silly install generateActionsToTake
168 silly generateActionsToTake Finishing
169 silly diffTrees action count 3
170 silly diffTrees add bindings@1.2.1
171 silly diffTrees add nan@2.4.0
172 silly diffTrees add bufferutil@1.2.1
173 silly decomposeActions action count 24
174 silly decomposeActions fetch bindings@1.2.1
175 silly decomposeActions extract bindings@1.2.1
176 silly decomposeActions test bindings@1.2.1
177 silly decomposeActions preinstall bindings@1.2.1
178 silly decomposeActions build bindings@1.2.1
179 silly decomposeActions install bindings@1.2.1
180 silly decomposeActions postinstall bindings@1.2.1
181 silly decomposeActions finalize bindings@1.2.1
182 silly decomposeActions fetch nan@2.4.0
183 silly decomposeActions extract nan@2.4.0
184 silly decomposeActions test nan@2.4.0
185 silly decomposeActions preinstall nan@2.4.0
186 silly decomposeActions build nan@2.4.0
187 silly decomposeActions install nan@2.4.0
188 silly decomposeActions postinstall nan@2.4.0
189 silly decomposeActions finalize nan@2.4.0
190 silly decomposeActions fetch bufferutil@1.2.1
191 silly decomposeActions extract bufferutil@1.2.1
192 silly decomposeActions test bufferutil@1.2.1
193 silly decomposeActions preinstall bufferutil@1.2.1
194 silly decomposeActions build bufferutil@1.2.1
195 silly decomposeActions install bufferutil@1.2.1
196 silly decomposeActions postinstall bufferutil@1.2.1
197 silly decomposeActions finalize bufferutil@1.2.1
198 silly executeActions Starting
199 silly install executeActions
200 silly doSerial global-install 0
201 silly doParallel fetch 3
202 verbose correctMkdir C:\Users\Mark\AppData\Roaming\npm-cache\_locks correctMkdir not in flight; initializing
203 verbose lock using C:\Users\Mark\AppData\Roaming\npm-cache\_locks\staging-5591e5da3a6e38af.lock for C:\Users\Mark\AppData\Roaming\npm\node_modules\.staging
204 silly doParallel extract 3
205 silly extract bindings@1.2.1
206 silly extract nan@2.4.0
207 silly extract bufferutil@1.2.1
208 verbose unbuild node_modules\.staging\bindings-004fe136
209 verbose unbuild node_modules\.staging\bufferutil-d6e0cd33
210 verbose unbuild node_modules\.staging\nan-4c35dcbf
211 silly gentlyRm C:\Users\Mark\AppData\Roaming\npm\node_modules\.staging\bindings-004fe136 is being purged from base C:\Users\Mark\AppData\Roaming\npm
212 verbose gentlyRm don't care about contents; nuking C:\Users\Mark\AppData\Roaming\npm\node_modules\.staging\bindings-004fe136
213 verbose tar unpack C:\Users\Mark\AppData\Roaming\npm-cache\bindings\1.2.1\package.tgz
214 verbose tar unpacking to C:\Users\Mark\AppData\Roaming\npm\node_modules\.staging\bindings-004fe136
215 silly gentlyRm C:\Users\Mark\AppData\Roaming\npm\node_modules\.staging\bindings-004fe136 is being purged
216 verbose gentlyRm don't care about contents; nuking C:\Users\Mark\AppData\Roaming\npm\node_modules\.staging\bindings-004fe136
217 silly gentlyRm C:\Users\Mark\AppData\Roaming\npm\node_modules\.staging\nan-4c35dcbf is being purged from base C:\Users\Mark\AppData\Roaming\npm
218 verbose gentlyRm don't care about contents; nuking C:\Users\Mark\AppData\Roaming\npm\node_modules\.staging\nan-4c35dcbf
219 silly gentlyRm C:\Users\Mark\AppData\Roaming\npm\node_modules\.staging\bufferutil-d6e0cd33 is being purged from base C:\Users\Mark\AppData\Roaming\npm
220 verbose gentlyRm don't care about contents; nuking C:\Users\Mark\AppData\Roaming\npm\node_modules\.staging\bufferutil-d6e0cd33
221 silly gunzTarPerm modes [ '777', '666' ]
222 verbose tar unpack C:\Users\Mark\AppData\Roaming\npm-cache\nan\2.4.0\package.tgz
223 verbose tar unpacking to C:\Users\Mark\AppData\Roaming\npm\node_modules\.staging\nan-4c35dcbf
224 silly gentlyRm C:\Users\Mark\AppData\Roaming\npm\node_modules\.staging\nan-4c35dcbf is being purged
225 verbose gentlyRm don't care about contents; nuking C:\Users\Mark\AppData\Roaming\npm\node_modules\.staging\nan-4c35dcbf
226 verbose tar unpack C:\Users\Mark\AppData\Roaming\npm-cache\bufferutil\1.2.1\package.tgz
227 verbose tar unpacking to C:\Users\Mark\AppData\Roaming\npm\node_modules\.staging\bufferutil-d6e0cd33
228 silly gentlyRm C:\Users\Mark\AppData\Roaming\npm\node_modules\.staging\bufferutil-d6e0cd33 is being purged
229 verbose gentlyRm don't care about contents; nuking C:\Users\Mark\AppData\Roaming\npm\node_modules\.staging\bufferutil-d6e0cd33
230 silly gunzTarPerm modes [ '777', '666' ]
231 silly gunzTarPerm modes [ '777', '666' ]
232 silly gunzTarPerm extractEntry package.json
233 silly gunzTarPerm modified mode [ 'package.json', 420, 438 ]
234 silly gunzTarPerm extractEntry package.json
235 silly gunzTarPerm modified mode [ 'package.json', 420, 438 ]
236 silly gunzTarPerm extractEntry package.json
237 silly gunzTarPerm modified mode [ 'package.json', 436, 438 ]
238 silly gunzTarPerm extractEntry README.md
239 silly gunzTarPerm modified mode [ 'README.md', 420, 438 ]
240 silly gunzTarPerm extractEntry bindings.js
241 silly gunzTarPerm modified mode [ 'bindings.js', 420, 438 ]
242 silly gunzTarPerm extractEntry .npmignore
243 silly gunzTarPerm modified mode [ '.npmignore', 420, 438 ]
244 silly gunzTarPerm extractEntry README.md
245 silly gunzTarPerm modified mode [ 'README.md', 420, 438 ]
246 silly gunzTarPerm extractEntry README.md
247 silly gunzTarPerm modified mode [ 'README.md', 436, 438 ]
248 silly gunzTarPerm extractEntry include_dirs.js
249 silly gunzTarPerm modified mode [ 'include_dirs.js', 436, 438 ]
250 silly gunzTarPerm extractEntry fallback.js
251 silly gunzTarPerm modified mode [ 'fallback.js', 420, 438 ]
252 silly gunzTarPerm extractEntry index.js
253 silly gunzTarPerm modified mode [ 'index.js', 420, 438 ]
254 silly gunzTarPerm extractEntry nan_callbacks_pre_12_inl.h
255 silly gunzTarPerm modified mode [ 'nan_callbacks_pre_12_inl.h', 436, 438 ]
256 silly gunzTarPerm extractEntry CHANGELOG.md
257 silly gunzTarPerm modified mode [ 'CHANGELOG.md', 436, 438 ]
258 silly gunzTarPerm extractEntry LICENSE.md
259 silly gunzTarPerm modified mode [ 'LICENSE.md', 436, 438 ]
260 silly gunzTarPerm extractEntry doc/node_misc.md
261 silly gunzTarPerm modified mode [ 'doc/node_misc.md', 436, 438 ]
262 silly gunzTarPerm extractEntry .travis.yml
263 silly gunzTarPerm modified mode [ '.travis.yml', 420, 438 ]
264 silly gunzTarPerm extractEntry binding.gyp
265 silly gunzTarPerm modified mode [ 'binding.gyp', 420, 438 ]
266 silly gunzTarPerm extractEntry doc/asyncworker.md
267 silly gunzTarPerm modified mode [ 'doc/asyncworker.md', 436, 438 ]
268 silly gunzTarPerm extractEntry doc/callback.md
269 silly gunzTarPerm modified mode [ 'doc/callback.md', 436, 438 ]
270 silly gunzTarPerm extractEntry src/bufferutil.cc
271 silly gunzTarPerm modified mode [ 'src/bufferutil.cc', 420, 438 ]
272 silly gunzTarPerm extractEntry doc/converters.md
273 silly gunzTarPerm modified mode [ 'doc/converters.md', 436, 438 ]
274 silly gunzTarPerm extractEntry doc/errors.md
275 silly gunzTarPerm modified mode [ 'doc/errors.md', 436, 438 ]
276 silly gentlyRm C:\Users\Mark\AppData\Roaming\npm\node_modules\.staging\bindings-004fe136\node_modules is being purged
277 verbose gentlyRm don't care about contents; nuking C:\Users\Mark\AppData\Roaming\npm\node_modules\.staging\bindings-004fe136\node_modules
278 silly gunzTarPerm extractEntry doc/maybe_types.md
279 silly gunzTarPerm modified mode [ 'doc/maybe_types.md', 436, 438 ]
280 silly gunzTarPerm extractEntry doc/methods.md
281 silly gunzTarPerm modified mode [ 'doc/methods.md', 436, 438 ]
282 silly gunzTarPerm extractEntry doc/new.md
283 silly gunzTarPerm modified mode [ 'doc/new.md', 436, 438 ]
284 silly gunzTarPerm extractEntry doc/buffers.md
285 silly gunzTarPerm modified mode [ 'doc/buffers.md', 436, 438 ]
286 silly gunzTarPerm extractEntry doc/object_wrappers.md
287 silly gunzTarPerm modified mode [ 'doc/object_wrappers.md', 436, 438 ]
288 silly gunzTarPerm extractEntry doc/persistent.md
289 silly gunzTarPerm modified mode [ 'doc/persistent.md', 436, 438 ]
290 silly gunzTarPerm extractEntry doc/scopes.md
291 silly gunzTarPerm modified mode [ 'doc/scopes.md', 436, 438 ]
292 silly gunzTarPerm extractEntry doc/script.md
293 silly gunzTarPerm modified mode [ 'doc/script.md', 436, 438 ]
294 silly gunzTarPerm extractEntry doc/string_bytes.md
295 silly gunzTarPerm modified mode [ 'doc/string_bytes.md', 436, 438 ]
296 silly gunzTarPerm extractEntry doc/v8_internals.md
297 silly gunzTarPerm modified mode [ 'doc/v8_internals.md', 436, 438 ]
298 silly gentlyRm C:\Users\Mark\AppData\Roaming\npm\node_modules\.staging\bufferutil-d6e0cd33\node_modules is being purged
299 verbose gentlyRm don't care about contents; nuking C:\Users\Mark\AppData\Roaming\npm\node_modules\.staging\bufferutil-d6e0cd33\node_modules
300 silly gunzTarPerm extractEntry doc/v8_misc.md
301 silly gunzTarPerm modified mode [ 'doc/v8_misc.md', 436, 438 ]
302 silly gunzTarPerm extractEntry nan.h
303 silly gunzTarPerm modified mode [ 'nan.h', 436, 438 ]
304 silly gunzTarPerm extractEntry nan_callbacks.h
305 silly gunzTarPerm modified mode [ 'nan_callbacks.h', 436, 438 ]
306 silly gunzTarPerm extractEntry nan_callbacks_12_inl.h
307 silly gunzTarPerm modified mode [ 'nan_callbacks_12_inl.h', 436, 438 ]
308 silly gunzTarPerm extractEntry nan_converters.h
309 silly gunzTarPerm modified mode [ 'nan_converters.h', 436, 438 ]
310 silly gunzTarPerm extractEntry nan_converters_43_inl.h
311 silly gunzTarPerm modified mode [ 'nan_converters_43_inl.h', 436, 438 ]
312 silly gunzTarPerm extractEntry nan_converters_pre_43_inl.h
313 silly gunzTarPerm modified mode [ 'nan_converters_pre_43_inl.h', 436, 438 ]
314 silly gunzTarPerm extractEntry nan_implementation_12_inl.h
315 silly gunzTarPerm modified mode [ 'nan_implementation_12_inl.h', 436, 438 ]
316 silly gunzTarPerm extractEntry nan_implementation_pre_12_inl.h
317 silly gunzTarPerm modified mode [ 'nan_implementation_pre_12_inl.h', 436, 438 ]
318 silly gunzTarPerm extractEntry nan_maybe_43_inl.h
319 silly gunzTarPerm modified mode [ 'nan_maybe_43_inl.h', 436, 438 ]
320 silly gunzTarPerm extractEntry nan_maybe_pre_43_inl.h
321 silly gunzTarPerm modified mode [ 'nan_maybe_pre_43_inl.h', 436, 438 ]
322 silly gunzTarPerm extractEntry nan_new.h
323 silly gunzTarPerm modified mode [ 'nan_new.h', 436, 438 ]
324 silly gunzTarPerm extractEntry nan_object_wrap.h
325 silly gunzTarPerm modified mode [ 'nan_object_wrap.h', 436, 438 ]
326 silly gunzTarPerm extractEntry nan_persistent_12_inl.h
327 silly gunzTarPerm modified mode [ 'nan_persistent_12_inl.h', 436, 438 ]
328 silly gunzTarPerm extractEntry nan_persistent_pre_12_inl.h
329 silly gunzTarPerm modified mode [ 'nan_persistent_pre_12_inl.h', 436, 438 ]
330 silly gunzTarPerm extractEntry nan_string_bytes.h
331 silly gunzTarPerm modified mode [ 'nan_string_bytes.h', 436, 438 ]
332 silly gunzTarPerm extractEntry nan_typedarray_contents.h
333 silly gunzTarPerm modified mode [ 'nan_typedarray_contents.h', 436, 438 ]
334 silly gunzTarPerm extractEntry nan_weak.h
335 silly gunzTarPerm modified mode [ 'nan_weak.h', 436, 438 ]
336 silly gunzTarPerm extractEntry tools/package.json
337 silly gunzTarPerm modified mode [ 'tools/package.json', 436, 438 ]
338 silly gunzTarPerm extractEntry tools/README.md
339 silly gunzTarPerm modified mode [ 'tools/README.md', 436, 438 ]
340 silly gunzTarPerm extractEntry tools/1to2.js
341 silly gunzTarPerm modified mode [ 'tools/1to2.js', 509, 511 ]
342 silly gentlyRm C:\Users\Mark\AppData\Roaming\npm\node_modules\.staging\nan-4c35dcbf\node_modules is being purged
343 verbose gentlyRm don't care about contents; nuking C:\Users\Mark\AppData\Roaming\npm\node_modules\.staging\nan-4c35dcbf\node_modules
344 silly doParallel preinstall 3
345 silly preinstall bindings@1.2.1 C:\Users\Mark\AppData\Roaming\npm\node_modules\.staging\bindings-004fe136
346 info lifecycle bindings@1.2.1~preinstall: bindings@1.2.1
347 silly preinstall nan@2.4.0 C:\Users\Mark\AppData\Roaming\npm\node_modules\.staging\nan-4c35dcbf
348 info lifecycle nan@2.4.0~preinstall: nan@2.4.0
349 silly preinstall bufferutil@1.2.1 C:\Users\Mark\AppData\Roaming\npm\node_modules\.staging\bufferutil-d6e0cd33
350 info lifecycle bufferutil@1.2.1~preinstall: bufferutil@1.2.1
351 silly lifecycle bindings@1.2.1~preinstall: no script for preinstall, continuing
352 silly lifecycle nan@2.4.0~preinstall: no script for preinstall, continuing
353 silly lifecycle bufferutil@1.2.1~preinstall: no script for preinstall, continuing
354 silly doReverseSerial remove 0
355 silly doSerial move 0
356 silly doSerial finalize 3
357 silly finalize C:\Users\Mark\AppData\Roaming\npm\node_modules\bufferutil\node_modules\bindings
358 silly finalize C:\Users\Mark\AppData\Roaming\npm\node_modules\bufferutil\node_modules\nan
359 silly finalize C:\Users\Mark\AppData\Roaming\npm\node_modules\bufferutil
360 silly doSerial build 3
361 silly build bindings@1.2.1
362 info linkStuff bindings@1.2.1
363 silly linkStuff bindings@1.2.1 has C:\Users\Mark\AppData\Roaming\npm\node_modules\bufferutil\node_modules as its parent node_modules
364 silly linkStuff bindings@1.2.1 is part of a global install
365 silly linkStuff bindings@1.2.1 is installed into a global node_modules
366 verbose linkBins bindings@1.2.1
367 verbose linkMans bindings@1.2.1
368 silly build nan@2.4.0
369 info linkStuff nan@2.4.0
370 silly linkStuff nan@2.4.0 has C:\Users\Mark\AppData\Roaming\npm\node_modules\bufferutil\node_modules as its parent node_modules
371 silly linkStuff nan@2.4.0 is part of a global install
372 silly linkStuff nan@2.4.0 is installed into a global node_modules
373 verbose linkBins nan@2.4.0
374 verbose linkMans nan@2.4.0
375 silly build bufferutil@1.2.1
376 info linkStuff bufferutil@1.2.1
377 silly linkStuff bufferutil@1.2.1 has C:\Users\Mark\AppData\Roaming\npm\node_modules as its parent node_modules
378 silly linkStuff bufferutil@1.2.1 is part of a global install
379 silly linkStuff bufferutil@1.2.1 is installed into a global node_modules
380 silly linkStuff bufferutil@1.2.1 is installed into the top-level global node_modules
381 verbose linkBins bufferutil@1.2.1
382 verbose linkMans bufferutil@1.2.1
383 silly doSerial global-link 0
384 silly doParallel update-linked 0
385 silly doSerial install 3
386 silly install bindings@1.2.1 C:\Users\Mark\AppData\Roaming\npm\node_modules\.staging\bindings-004fe136
387 info lifecycle bindings@1.2.1~install: bindings@1.2.1
388 silly lifecycle bindings@1.2.1~install: no script for install, continuing
389 silly install nan@2.4.0 C:\Users\Mark\AppData\Roaming\npm\node_modules\.staging\nan-4c35dcbf
390 info lifecycle nan@2.4.0~install: nan@2.4.0
391 silly lifecycle nan@2.4.0~install: no script for install, continuing
392 silly install bufferutil@1.2.1 C:\Users\Mark\AppData\Roaming\npm\node_modules\.staging\bufferutil-d6e0cd33
393 info lifecycle bufferutil@1.2.1~install: bufferutil@1.2.1
394 verbose lifecycle bufferutil@1.2.1~install: unsafe-perm in lifecycle true
395 verbose lifecycle bufferutil@1.2.1~install: PATH: C:\Users\Mark\AppData\Roaming\npm\node_modules\npm\bin\node-gyp-bin;C:\Users\Mark\AppData\Roaming\npm\node_modules\bufferutil\node_modules\.bin;C:\Users\Mark\AppData\Roaming\npm\node_modules\.bin;C:\ProgramData\Oracle\Java\javapath;C:\Program Files (x86)\Intel\iCLS Client\;C:\Program Files\Intel\iCLS Client\;C:\Windows\system32;C:\Windows;C:\Windows\System32\Wbem;C:\Windows\System32\WindowsPowerShell\v1.0\;C:\Program Files\Intel\Intel(R) Management Engine Components\DAL;C:\Program Files (x86)\Intel\Intel(R) Management Engine Components\DAL;C:\Program Files\Intel\Intel(R) Management Engine Components\IPT;C:\Program Files (x86)\Intel\Intel(R) Management Engine Components\IPT;C:\Program Files\Microsoft SQL Server\110\Tools\Binn\;C:\Program Files (x86)\Microsoft SDKs\TypeScript\1.0\;C:\Program Files\Microsoft SQL Server\120\Tools\Binn\;C:\Program Files\Java\jdk1.8.0_45\bin;%ADT_HOME%\tools;%ADT_HOME%\platform-tools;C:\apache-ant-1.9.3\bin;C:\Program Files (x86)\Git\cmd;C:\Program Files\Microsoft\Web Platform Installer\;C:\Program Files\Intel\WiFi\bin\;C:\Program Files\Common Files\Intel\WirelessCommon\;C:\Program Files\Microsoft SQL Server\130\Tools\Binn\;C:\WINDOWS\system32;C:\WINDOWS;C:\WINDOWS\System32\Wbem;C:\WINDOWS\System32\WindowsPowerShell\v1.0\;C:\Program Files (x86)\Skype\Phone\;C:\Program Files\TortoiseGit\bin;C:\Program Files (x86)\Microsoft Emulator Manager\1.0\;C:\Program Files\Git\cmd;C:\Program Files (x86)\Windows Kits\10\Windows Performance Toolkit\;C:\Program Files (x86)\Microsoft SQL Server\110\DTS\Binn\;C:\Program Files (x86)\Microsoft SQL Server\120\DTS\Binn\;C:\Program Files (x86)\Microsoft SQL Server\130\DTS\Binn\;C:\Anaconda3;C:\Anaconda3\Scripts;C:\Anaconda3\Library\bin;C:\Program Files (x86)\nodejs\;C:\Anaconda3-32;C:\Anaconda3-32\Scripts;C:\Anaconda3-32\Library\bin; ;C:\apache-ant-1.9.3\bin;C:\android\android-sdk\tools;C:\android\android-sdk\platform-tools;C:\Program Files\Intel\WiFi\bin\;C:\Program Files\Common Files\Intel\WirelessCommon\;C:\Users\Mark\AppData\Local\Microsoft\WindowsApps;C:\Users\Mark\AppData\Roaming\npm
396 verbose lifecycle bufferutil@1.2.1~install: CWD: C:\Users\Mark\AppData\Roaming\npm\node_modules\bufferutil
397 silly lifecycle bufferutil@1.2.1~install: Args: [ '/d /s /c', 'node-gyp rebuild' ]
398 silly lifecycle bufferutil@1.2.1~install: Returned: code: 1  signal: null
399 info lifecycle bufferutil@1.2.1~install: Failed to exec install script
400 verbose unlock done using C:\Users\Mark\AppData\Roaming\npm-cache\_locks\staging-5591e5da3a6e38af.lock for C:\Users\Mark\AppData\Roaming\npm\node_modules\.staging
401 silly rollbackFailedOptional Starting
402 silly rollbackFailedOptional Finishing
403 silly runTopLevelLifecycles Starting
404 silly runTopLevelLifecycles Finishing
405 silly install printInstalled
406 verbose stack Error: bufferutil@1.2.1 install: `node-gyp rebuild`
406 verbose stack Exit status 1
406 verbose stack     at EventEmitter.<anonymous> (C:\Users\Mark\AppData\Roaming\npm\node_modules\npm\lib\utils\lifecycle.js:255:16)
406 verbose stack     at emitTwo (events.js:106:13)
406 verbose stack     at EventEmitter.emit (events.js:191:7)
406 verbose stack     at ChildProcess.<anonymous> (C:\Users\Mark\AppData\Roaming\npm\node_modules\npm\lib\utils\spawn.js:40:14)
406 verbose stack     at emitTwo (events.js:106:13)
406 verbose stack     at ChildProcess.emit (events.js:191:7)
406 verbose stack     at maybeClose (internal/child_process.js:877:16)
406 verbose stack     at Process.ChildProcess._handle.onexit (internal/child_process.js:226:5)
407 verbose pkgid bufferutil@1.2.1
408 verbose cwd C:\Repos\steem-browserify\steem-browserify
409 error Windows_NT 10.0.14393
410 error argv "C:\\Program Files (x86)\\nodejs\\node.exe" "C:\\Users\\Mark\\AppData\\Roaming\\npm\\node_modules\\npm\\bin\\npm-cli.js" "install" "-g" "bufferutil"
411 error node v6.5.0
412 error npm  v3.10.6
413 error code ELIFECYCLE
414 error bufferutil@1.2.1 install: `node-gyp rebuild`
414 error Exit status 1
415 error Failed at the bufferutil@1.2.1 install script 'node-gyp rebuild'.
415 error Make sure you have the latest version of node.js and npm installed.
415 error If you do, this is most likely a problem with the bufferutil package,
415 error not with npm itself.
415 error Tell the author that this fails on your system:
415 error     node-gyp rebuild
415 error You can get information on how to open an issue for this project with:
415 error     npm bugs bufferutil
415 error Or if that isn't available, you can get their info via:
415 error     npm owner ls bufferutil
415 error There is likely additional logging output above.
416 verbose exit [ 1, true ]
